[2024-09-24 10:48:11,448: INFO: common: yaml file: config\config.yaml loaded successfully]
[2024-09-24 10:48:11,459: INFO: common: yaml file: params.yaml loaded successfully]
[2024-09-24 10:48:11,461: INFO: common: directory created at :{path}]
[2024-09-24 10:48:11,464: INFO: common: directory created at :{path}]
[2024-09-24 10:48:11,467: INFO: 2585763275: Downloading data from https://drive.google.com/file/d/1t59ofArJa_YZlt-AVBCQAXzN47_iQtfM/view?usp=drive_link\ into file artifacts/data_ingestion/data.zip]
[2024-09-24 10:49:35,261: INFO: common: yaml file: config\config.yaml loaded successfully]
[2024-09-24 10:49:35,266: INFO: common: yaml file: params.yaml loaded successfully]
[2024-09-24 10:49:35,268: INFO: common: directory created at :{path}]
[2024-09-24 10:49:35,270: INFO: common: directory created at :{path}]
[2024-09-24 10:49:35,272: INFO: 3222874764: Downloading data from https://drive.google.com/file/d/1t59ofArJa_YZlt-AVBCQAXzN47_iQtfM/view?usp=drive_link\ into file artifacts/data_ingestion/data.zip]
[2024-09-24 10:50:19,594: INFO: 3222874764: Downloaded data from https://drive.google.com/file/d/1t59ofArJa_YZlt-AVBCQAXzN47_iQtfM/view?usp=drive_link\ into file artifacts/data_ingestion/data.zip]
[2024-09-24 11:07:45,508: ERROR: main: name 'STAGE_NAME' is not defined]
Traceback (most recent call last):
  File "D:\Projects\kidney-disease-classification\main.py", line 5, in <module>
    logger.info(f" {STAGE_NAME} has started")
NameError: name 'STAGE_NAME' is not defined
[2024-09-24 11:08:38,302: INFO: main:  Data Ingestion Stage has started]
[2024-09-24 11:08:38,304: INFO: common: yaml file: config\config.yaml loaded successfully]
[2024-09-24 11:08:38,305: INFO: common: yaml file: params.yaml loaded successfully]
[2024-09-24 11:08:38,306: INFO: common: directory created at :{path}]
[2024-09-24 11:08:38,308: INFO: common: directory created at :{path}]
[2024-09-24 11:08:38,308: INFO: data_ingestion: Downloading data from https://drive.google.com/file/d/1t59ofArJa_YZlt-AVBCQAXzN47_iQtfM/view?usp=drive_link\ into file artifacts/data_ingestion/data.zip]
[2024-09-24 11:09:26,479: INFO: data_ingestion: Downloaded data from https://drive.google.com/file/d/1t59ofArJa_YZlt-AVBCQAXzN47_iQtfM/view?usp=drive_link\ into file artifacts/data_ingestion/data.zip]
[2024-09-24 11:09:31,561: INFO: main: Data Ingestion Stage has completed]
[2024-09-25 10:31:57,563: INFO: common: yaml file: config\config.yaml loaded successfully]
[2024-09-25 10:31:57,579: INFO: common: yaml file: params.yaml loaded successfully]
[2024-09-25 10:31:57,587: INFO: common: directory created at :{path}]
[2024-09-25 10:31:57,593: INFO: common: directory created at :{path}]
[2024-09-25 10:32:21,795: WARNING: saving_utils: Compiled the loaded model, but the compiled metrics have yet to be built. `model.compile_metrics` will be empty until you train or evaluate the model.]
[2024-09-25 10:55:35,799: INFO: main:  Data Ingestion Stage has started]
[2024-09-25 10:55:35,801: INFO: common: yaml file: config\config.yaml loaded successfully]
[2024-09-25 10:55:35,803: INFO: common: yaml file: params.yaml loaded successfully]
[2024-09-25 10:55:35,805: INFO: common: directory created at :{path}]
[2024-09-25 10:55:35,806: INFO: common: directory created at :{path}]
[2024-09-25 10:55:35,806: INFO: data_ingestion: Downloading data from https://drive.google.com/file/d/1t59ofArJa_YZlt-AVBCQAXzN47_iQtfM/view?usp=drive_link\ into file artifacts/data_ingestion/data.zip]
[2024-09-25 10:56:27,021: INFO: data_ingestion: Downloaded data from https://drive.google.com/file/d/1t59ofArJa_YZlt-AVBCQAXzN47_iQtfM/view?usp=drive_link\ into file artifacts/data_ingestion/data.zip]
[2024-09-25 10:56:32,065: INFO: main: Data Ingestion Stage has completed]
[2024-09-25 10:56:32,067: INFO: main:  Prepare base model has started]
[2024-09-25 10:56:32,074: INFO: common: yaml file: config\config.yaml loaded successfully]
[2024-09-25 10:56:32,082: INFO: common: yaml file: params.yaml loaded successfully]
[2024-09-25 10:56:32,085: INFO: common: directory created at :{path}]
[2024-09-25 10:56:32,087: INFO: common: directory created at :{path}]
[2024-09-25 10:56:33,543: WARNING: saving_utils: Compiled the loaded model, but the compiled metrics have yet to be built. `model.compile_metrics` will be empty until you train or evaluate the model.]
[2024-09-25 10:56:34,127: INFO: main: Prepare base model has completed]
